<?xml version="1.0" encoding="UTF-8"?>
<coverage generated="1775795778695" clover="3.2.0">
  <project timestamp="1775795778695" name="All files">
    <metrics statements="77" coveredstatements="46" conditionals="57" coveredconditionals="34" methods="53" coveredmethods="26" elements="187" coveredelements="106" complexity="0" loc="77" ncloc="77" packages="2" files="11" classes="11"/>
    <package name="config">
      <metrics statements="0" coveredstatements="0" conditionals="0" coveredconditionals="0" methods="0" coveredmethods="0"/>
      <file name="currencies.json" path="/Users/osahon/work/purple-ledger/pl-web/src/shared/config/currencies.json">
        <metrics statements="0" coveredstatements="0" conditionals="0" coveredconditionals="0" methods="0" coveredmethods="0"/>
      </file>
    </package>
    <package name="ui">
      <metrics statements="77" coveredstatements="46" conditionals="57" coveredconditionals="34" methods="53" coveredmethods="26"/>
      <file name="button.tsx" path="/Users/osahon/work/purple-ledger/pl-web/src/shared/ui/button.tsx">
        <metrics statements="3" coveredstatements="3" conditionals="5" coveredconditionals="4" methods="1" coveredmethods="1"/>
        <line num="13" count="1" type="stmt"/>
        <line num="57" count="27" type="cond" truecount="1" falsecount="1"/>
        <line num="59" count="27" type="stmt"/>
      </file>
      <file name="combobox.tsx" path="/Users/osahon/work/purple-ledger/pl-web/src/shared/ui/combobox.tsx">
        <metrics statements="18" coveredstatements="8" conditionals="14" coveredconditionals="10" methods="16" coveredmethods="6"/>
        <line num="1" count="1" type="stmt"/>
        <line num="16" count="1" type="stmt"/>
        <line num="19" count="0" type="stmt"/>
        <line num="27" count="27" type="stmt"/>
        <line num="40" count="0" type="stmt"/>
        <line num="63" count="27" type="stmt"/>
        <line num="102" count="27" type="stmt"/>
        <line num="124" count="20" type="stmt"/>
        <line num="141" count="33" type="stmt"/>
        <line num="163" count="0" type="stmt"/>
        <line num="176" count="0" type="stmt"/>
        <line num="186" count="0" type="stmt"/>
        <line num="192" count="20" type="stmt"/>
        <line num="208" count="0" type="stmt"/>
        <line num="222" count="0" type="stmt"/>
        <line num="242" count="0" type="stmt"/>
        <line num="269" count="0" type="stmt"/>
        <line num="279" count="0" type="stmt"/>
      </file>
      <file name="currency-combobox.tsx" path="/Users/osahon/work/purple-ledger/pl-web/src/shared/ui/currency-combobox.tsx">
        <metrics statements="12" coveredstatements="12" conditionals="10" coveredconditionals="9" methods="8" coveredmethods="8"/>
        <line num="24" count="60" type="cond" truecount="2" falsecount="0"/>
        <line num="25" count="23" type="stmt"/>
        <line num="27" count="37" type="stmt"/>
        <line num="48" count="27" type="stmt"/>
        <line num="50" count="27" type="stmt"/>
        <line num="51" count="99" type="stmt"/>
        <line num="54" count="27" type="stmt"/>
        <line num="61" count="2" type="cond" truecount="2" falsecount="0"/>
        <line num="62" count="27" type="cond" truecount="1" falsecount="1"/>
        <line num="64" count="20" type="stmt"/>
        <line num="67" count="80" type="cond" truecount="2" falsecount="0"/>
        <line num="82" count="58" type="stmt"/>
      </file>
      <file name="field.tsx" path="/Users/osahon/work/purple-ledger/pl-web/src/shared/ui/field.tsx">
        <metrics statements="24" coveredstatements="13" conditionals="14" coveredconditionals="7" methods="13" coveredmethods="4"/>
        <line num="9" count="0" type="stmt"/>
        <line num="26" count="0" type="stmt"/>
        <line num="40" count="0" type="stmt"/>
        <line num="52" count="1" type="stmt"/>
        <line num="75" count="27" type="stmt"/>
        <line num="87" count="0" type="stmt"/>
        <line num="103" count="0" type="stmt"/>
        <line num="117" count="0" type="stmt"/>
        <line num="130" count="0" type="stmt"/>
        <line num="151" count="0" type="stmt"/>
        <line num="182" count="27" type="stmt"/>
        <line num="183" count="9" type="cond" truecount="1" falsecount="1"/>
        <line num="184" count="0" type="stmt"/>
        <line num="187" count="9" type="cond" truecount="2" falsecount="0"/>
        <line num="188" count="8" type="stmt"/>
        <line num="191" count="1" type="stmt"/>
        <line num="192" count="1" type="stmt"/>
        <line num="195" count="1" type="cond" truecount="1" falsecount="1"/>
        <line num="196" count="1" type="stmt"/>
        <line num="199" count="0" type="stmt"/>
        <line num="203" count="0" type="cond" truecount="0" falsecount="2"/>
        <line num="209" count="27" type="cond" truecount="2" falsecount="0"/>
        <line num="210" count="26" type="stmt"/>
        <line num="213" count="1" type="stmt"/>
      </file>
      <file name="input-group.tsx" path="/Users/osahon/work/purple-ledger/pl-web/src/shared/ui/input-group.tsx">
        <metrics statements="11" coveredstatements="6" conditionals="6" coveredconditionals="4" methods="7" coveredmethods="4"/>
        <line num="10" count="27" type="stmt"/>
        <line num="23" count="1" type="stmt"/>
        <line num="49" count="54" type="stmt"/>
        <line num="56" count="0" type="cond" truecount="0" falsecount="2"/>
        <line num="57" count="0" type="stmt"/>
        <line num="59" count="0" type="stmt"/>
        <line num="66" count="1" type="stmt"/>
        <line num="92" count="27" type="stmt"/>
        <line num="104" count="0" type="stmt"/>
        <line num="119" count="109" type="stmt"/>
        <line num="135" count="0" type="stmt"/>
      </file>
      <file name="input.tsx" path="/Users/osahon/work/purple-ledger/pl-web/src/shared/ui/input.tsx">
        <metrics statements="4" coveredstatements="1" conditionals="6" coveredconditionals="0" methods="4" coveredmethods="1"/>
        <line num="7" count="109" type="stmt"/>
        <line num="23" count="0" type="stmt"/>
        <line num="25" count="0" type="stmt"/>
        <line num="34" count="0" type="stmt"/>
      </file>
      <file name="label.tsx" path="/Users/osahon/work/purple-ledger/pl-web/src/shared/ui/label.tsx">
        <metrics statements="1" coveredstatements="1" conditionals="0" coveredconditionals="0" methods="1" coveredmethods="1"/>
        <line num="10" count="27" type="stmt"/>
      </file>
      <file name="separator.tsx" path="/Users/osahon/work/purple-ledger/pl-web/src/shared/ui/separator.tsx">
        <metrics statements="2" coveredstatements="1" conditionals="2" coveredconditionals="0" methods="1" coveredmethods="0"/>
        <line num="1" count="1" type="stmt"/>
        <line num="14" count="0" type="stmt"/>
      </file>
      <file name="textarea.tsx" path="/Users/osahon/work/purple-ledger/pl-web/src/shared/ui/textarea.tsx">
        <metrics statements="1" coveredstatements="0" conditionals="0" coveredconditionals="0" methods="1" coveredmethods="0"/>
        <line num="6" count="0" type="stmt"/>
      </file>
      <file name="utils.ts" path="/Users/osahon/work/purple-ledger/pl-web/src/shared/ui/utils.ts">
        <metrics statements="1" coveredstatements="1" conditionals="0" coveredconditionals="0" methods="1" coveredmethods="1"/>
        <line num="5" count="562" type="stmt"/>
      </file>
    </package>
  </project>
</coverage>
