{
  "/Users/osahon/work/purple-ledger/pl-web/src/shared/config/currencies.json": {
    "path": "/Users/osahon/work/purple-ledger/pl-web/src/shared/config/currencies.json",
    "statementMap": {},
    "fnMap": {},
    "branchMap": {},
    "s": {},
    "f": {},
    "b": {},
    "meta": {
      "lastBranch": 0,
      "lastFunction": 0,
      "lastStatement": 0,
      "seen": {}
    }
  },
  "/Users/osahon/work/purple-ledger/pl-web/src/shared/ui/button.tsx": {
    "path": "/Users/osahon/work/purple-ledger/pl-web/src/shared/ui/button.tsx",
    "statementMap": {
      "0": {
        "start": { "line": 13, "column": 13 },
        "end": { "line": 47, "column": null }
      },
      "1": {
        "start": { "line": 57, "column": 15 },
        "end": { "line": 57, "column": null }
      },
      "2": {
        "start": { "line": 59, "column": 2 },
        "end": { "line": 66, "column": null }
      }
    },
    "fnMap": {
      "0": {
        "name": "Button",
        "decl": {
          "start": { "line": 50, "column": 16 },
          "end": { "line": 50, "column": 23 }
        },
        "loc": {
          "start": { "line": 56, "column": 16 },
          "end": { "line": 66, "column": null }
        },
        "line": 56
      }
    },
    "branchMap": {
      "0": {
        "loc": {
          "start": { "line": 52, "column": 2 },
          "end": { "line": 52, "column": null }
        },
        "type": "default-arg",
        "locations": [
          {
            "start": { "line": 52, "column": 12 },
            "end": { "line": 52, "column": null }
          }
        ],
        "line": 52
      },
      "1": {
        "loc": {
          "start": { "line": 53, "column": 2 },
          "end": { "line": 53, "column": null }
        },
        "type": "default-arg",
        "locations": [
          {
            "start": { "line": 53, "column": 9 },
            "end": { "line": 53, "column": null }
          }
        ],
        "line": 53
      },
      "2": {
        "loc": {
          "start": { "line": 54, "column": 2 },
          "end": { "line": 54, "column": null }
        },
        "type": "default-arg",
        "locations": [
          {
            "start": { "line": 54, "column": 12 },
            "end": { "line": 54, "column": null }
          }
        ],
        "line": 54
      },
      "3": {
        "loc": {
          "start": { "line": 57, "column": 15 },
          "end": { "line": 57, "column": null }
        },
        "type": "cond-expr",
        "locations": [
          {
            "start": { "line": 57, "column": 25 },
            "end": { "line": 57, "column": 37 }
          },
          {
            "start": { "line": 57, "column": 37 },
            "end": { "line": 57, "column": null }
          }
        ],
        "line": 57
      }
    },
    "s": { "0": 1, "1": 27, "2": 27 },
    "f": { "0": 27 },
    "b": { "0": [27], "1": [27], "2": [27], "3": [27, 0] },
    "meta": {
      "lastBranch": 4,
      "lastFunction": 1,
      "lastStatement": 3,
      "seen": {
        "s:13:13:47:Infinity": 0,
        "f:50:16:50:23": 0,
        "b:52:12:52:Infinity": 0,
        "b:53:9:53:Infinity": 1,
        "b:54:12:54:Infinity": 2,
        "s:57:15:57:Infinity": 1,
        "b:57:25:57:37:57:37:57:Infinity": 3,
        "s:59:2:66:Infinity": 2
      }
    }
  },
  "/Users/osahon/work/purple-ledger/pl-web/src/shared/ui/combobox.tsx": {
    "path": "/Users/osahon/work/purple-ledger/pl-web/src/shared/ui/combobox.tsx",
    "statementMap": {
      "0": {
        "start": { "line": 1, "column": 0 },
        "end": { "line": 1, "column": null }
      },
      "1": {
        "start": { "line": 16, "column": 17 },
        "end": { "line": 16, "column": null }
      },
      "2": {
        "start": { "line": 19, "column": 2 },
        "end": { "line": 19, "column": null }
      },
      "3": {
        "start": { "line": 27, "column": 2 },
        "end": { "line": 34, "column": null }
      },
      "4": {
        "start": { "line": 40, "column": 2 },
        "end": { "line": 48, "column": null }
      },
      "5": {
        "start": { "line": 63, "column": 2 },
        "end": { "line": 84, "column": null }
      },
      "6": {
        "start": { "line": 102, "column": 2 },
        "end": { "line": 119, "column": null }
      },
      "7": {
        "start": { "line": 124, "column": 2 },
        "end": { "line": 132, "column": null }
      },
      "8": {
        "start": { "line": 141, "column": 2 },
        "end": { "line": 157, "column": null }
      },
      "9": {
        "start": { "line": 163, "column": 2 },
        "end": { "line": 168, "column": null }
      },
      "10": {
        "start": { "line": 176, "column": 2 },
        "end": { "line": 181, "column": null }
      },
      "11": {
        "start": { "line": 186, "column": 2 },
        "end": { "line": 187, "column": null }
      },
      "12": {
        "start": { "line": 192, "column": 2 },
        "end": { "line": 200, "column": null }
      },
      "13": {
        "start": { "line": 208, "column": 2 },
        "end": { "line": 213, "column": null }
      },
      "14": {
        "start": { "line": 222, "column": 2 },
        "end": { "line": 230, "column": null }
      },
      "15": {
        "start": { "line": 242, "column": 2 },
        "end": { "line": 259, "column": null }
      },
      "16": {
        "start": { "line": 269, "column": 2 },
        "end": { "line": 274, "column": null }
      },
      "17": {
        "start": { "line": 279, "column": 2 },
        "end": { "line": 279, "column": null }
      }
    },
    "fnMap": {
      "0": {
        "name": "ComboboxValue",
        "decl": {
          "start": { "line": 18, "column": 9 },
          "end": { "line": 18, "column": 23 }
        },
        "loc": {
          "start": { "line": 18, "column": 68 },
          "end": { "line": 19, "column": null }
        },
        "line": 18
      },
      "1": {
        "name": "ComboboxTrigger",
        "decl": {
          "start": { "line": 22, "column": 9 },
          "end": { "line": 22, "column": 25 }
        },
        "loc": {
          "start": { "line": 26, "column": 36 },
          "end": { "line": 34, "column": null }
        },
        "line": 26
      },
      "2": {
        "name": "ComboboxClear",
        "decl": {
          "start": { "line": 39, "column": 9 },
          "end": { "line": 39, "column": 23 }
        },
        "loc": {
          "start": { "line": 39, "column": 79 },
          "end": { "line": 48, "column": null }
        },
        "line": 39
      },
      "3": {
        "name": "ComboboxInput",
        "decl": {
          "start": { "line": 52, "column": 9 },
          "end": { "line": 52, "column": 23 }
        },
        "loc": {
          "start": { "line": 62, "column": 3 },
          "end": { "line": 84, "column": null }
        },
        "line": 62
      },
      "4": {
        "name": "ComboboxContent",
        "decl": {
          "start": { "line": 89, "column": 9 },
          "end": { "line": 89, "column": 25 }
        },
        "loc": {
          "start": { "line": 101, "column": 5 },
          "end": { "line": 119, "column": null }
        },
        "line": 101
      },
      "5": {
        "name": "ComboboxList",
        "decl": {
          "start": { "line": 123, "column": 9 },
          "end": { "line": 123, "column": 22 }
        },
        "loc": {
          "start": { "line": 123, "column": 77 },
          "end": { "line": 132, "column": null }
        },
        "line": 123
      },
      "6": {
        "name": "ComboboxItem",
        "decl": {
          "start": { "line": 136, "column": 9 },
          "end": { "line": 136, "column": 22 }
        },
        "loc": {
          "start": { "line": 140, "column": 33 },
          "end": { "line": 157, "column": null }
        },
        "line": 140
      },
      "7": {
        "name": "ComboboxGroup",
        "decl": {
          "start": { "line": 162, "column": 9 },
          "end": { "line": 162, "column": 23 }
        },
        "loc": {
          "start": { "line": 162, "column": 79 },
          "end": { "line": 168, "column": null }
        },
        "line": 162
      },
      "8": {
        "name": "ComboboxLabel",
        "decl": {
          "start": { "line": 172, "column": 9 },
          "end": { "line": 172, "column": 23 }
        },
        "loc": {
          "start": { "line": 175, "column": 39 },
          "end": { "line": 181, "column": null }
        },
        "line": 175
      },
      "9": {
        "name": "ComboboxCollection",
        "decl": {
          "start": { "line": 185, "column": 9 },
          "end": { "line": 185, "column": 28 }
        },
        "loc": {
          "start": { "line": 185, "column": 78 },
          "end": { "line": 187, "column": null }
        },
        "line": 185
      },
      "10": {
        "name": "ComboboxEmpty",
        "decl": {
          "start": { "line": 191, "column": 9 },
          "end": { "line": 191, "column": 23 }
        },
        "loc": {
          "start": { "line": 191, "column": 79 },
          "end": { "line": 200, "column": null }
        },
        "line": 191
      },
      "11": {
        "name": "ComboboxSeparator",
        "decl": {
          "start": { "line": 204, "column": 9 },
          "end": { "line": 204, "column": 27 }
        },
        "loc": {
          "start": { "line": 207, "column": 38 },
          "end": { "line": 213, "column": null }
        },
        "line": 207
      },
      "12": {
        "name": "ComboboxChips",
        "decl": {
          "start": { "line": 217, "column": 9 },
          "end": { "line": 217, "column": 23 }
        },
        "loc": {
          "start": { "line": 221, "column": 33 },
          "end": { "line": 230, "column": null }
        },
        "line": 221
      },
      "13": {
        "name": "ComboboxChip",
        "decl": {
          "start": { "line": 234, "column": 9 },
          "end": { "line": 234, "column": 22 }
        },
        "loc": {
          "start": { "line": 241, "column": 3 },
          "end": { "line": 259, "column": null }
        },
        "line": 241
      },
      "14": {
        "name": "ComboboxChipsInput",
        "decl": {
          "start": { "line": 265, "column": 9 },
          "end": { "line": 265, "column": 28 }
        },
        "loc": {
          "start": { "line": 268, "column": 34 },
          "end": { "line": 274, "column": null }
        },
        "line": 268
      },
      "15": {
        "name": "useComboboxAnchor",
        "decl": {
          "start": { "line": 278, "column": 9 },
          "end": { "line": 278, "column": 29 }
        },
        "loc": {
          "start": { "line": 278, "column": 29 },
          "end": { "line": 279, "column": null }
        },
        "line": 278
      }
    },
    "branchMap": {
      "0": {
        "loc": {
          "start": { "line": 55, "column": 2 },
          "end": { "line": 55, "column": null }
        },
        "type": "default-arg",
        "locations": [
          {
            "start": { "line": 55, "column": 13 },
            "end": { "line": 55, "column": null }
          }
        ],
        "line": 55
      },
      "1": {
        "loc": {
          "start": { "line": 56, "column": 2 },
          "end": { "line": 56, "column": null }
        },
        "type": "default-arg",
        "locations": [
          {
            "start": { "line": 56, "column": 16 },
            "end": { "line": 56, "column": null }
          }
        ],
        "line": 56
      },
      "2": {
        "loc": {
          "start": { "line": 57, "column": 2 },
          "end": { "line": 57, "column": null }
        },
        "type": "default-arg",
        "locations": [
          {
            "start": { "line": 57, "column": 14 },
            "end": { "line": 57, "column": null }
          }
        ],
        "line": 57
      },
      "3": {
        "loc": {
          "start": { "line": 70, "column": 9 },
          "end": { "line": 82, "column": 22 }
        },
        "type": "binary-expr",
        "locations": [
          {
            "start": { "line": 70, "column": 9 },
            "end": { "line": 70, "column": null }
          },
          {
            "start": { "line": 71, "column": 10 },
            "end": { "line": 82, "column": 22 }
          }
        ],
        "line": 70
      },
      "4": {
        "loc": {
          "start": { "line": 82, "column": 9 },
          "end": { "line": 82, "column": null }
        },
        "type": "binary-expr",
        "locations": [
          {
            "start": { "line": 82, "column": 9 },
            "end": { "line": 82, "column": 22 }
          },
          {
            "start": { "line": 82, "column": 22 },
            "end": { "line": 82, "column": null }
          }
        ],
        "line": 82
      },
      "5": {
        "loc": {
          "start": { "line": 91, "column": 2 },
          "end": { "line": 91, "column": null }
        },
        "type": "default-arg",
        "locations": [
          {
            "start": { "line": 91, "column": 9 },
            "end": { "line": 91, "column": null }
          }
        ],
        "line": 91
      },
      "6": {
        "loc": {
          "start": { "line": 92, "column": 2 },
          "end": { "line": 92, "column": null }
        },
        "type": "default-arg",
        "locations": [
          {
            "start": { "line": 92, "column": 15 },
            "end": { "line": 92, "column": null }
          }
        ],
        "line": 92
      },
      "7": {
        "loc": {
          "start": { "line": 93, "column": 2 },
          "end": { "line": 93, "column": null }
        },
        "type": "default-arg",
        "locations": [
          {
            "start": { "line": 93, "column": 10 },
            "end": { "line": 93, "column": null }
          }
        ],
        "line": 93
      },
      "8": {
        "loc": {
          "start": { "line": 94, "column": 2 },
          "end": { "line": 94, "column": null }
        },
        "type": "default-arg",
        "locations": [
          {
            "start": { "line": 94, "column": 16 },
            "end": { "line": 94, "column": null }
          }
        ],
        "line": 94
      },
      "9": {
        "loc": {
          "start": { "line": 237, "column": 2 },
          "end": { "line": 237, "column": null }
        },
        "type": "default-arg",
        "locations": [
          {
            "start": { "line": 237, "column": 15 },
            "end": { "line": 237, "column": null }
          }
        ],
        "line": 237
      },
      "10": {
        "loc": {
          "start": { "line": 252, "column": 7 },
          "end": { "line": 259, "column": null }
        },
        "type": "binary-expr",
        "locations": [
          {
            "start": { "line": 252, "column": 7 },
            "end": { "line": 252, "column": null }
          },
          {
            "start": { "line": 253, "column": 8 },
            "end": { "line": 259, "column": null }
          }
        ],
        "line": 252
      }
    },
    "s": {
      "0": 1,
      "1": 1,
      "2": 0,
      "3": 27,
      "4": 0,
      "5": 27,
      "6": 27,
      "7": 20,
      "8": 33,
      "9": 0,
      "10": 0,
      "11": 0,
      "12": 20,
      "13": 0,
      "14": 0,
      "15": 0,
      "16": 0,
      "17": 0
    },
    "f": {
      "0": 0,
      "1": 27,
      "2": 0,
      "3": 27,
      "4": 27,
      "5": 20,
      "6": 33,
      "7": 0,
      "8": 0,
      "9": 0,
      "10": 20,
      "11": 0,
      "12": 0,
      "13": 0,
      "14": 0,
      "15": 0
    },
    "b": {
      "0": [27],
      "1": [27],
      "2": [27],
      "3": [27, 27],
      "4": [27, 0],
      "5": [27],
      "6": [27],
      "7": [27],
      "8": [27],
      "9": [0],
      "10": [0, 0]
    },
    "meta": {
      "lastBranch": 11,
      "lastFunction": 16,
      "lastStatement": 18,
      "seen": {
        "s:1:0:1:Infinity": 0,
        "s:16:17:16:Infinity": 1,
        "f:18:9:18:23": 0,
        "s:19:2:19:Infinity": 2,
        "f:22:9:22:25": 1,
        "s:27:2:34:Infinity": 3,
        "f:39:9:39:23": 2,
        "s:40:2:48:Infinity": 4,
        "f:52:9:52:23": 3,
        "b:55:13:55:Infinity": 0,
        "b:56:16:56:Infinity": 1,
        "b:57:14:57:Infinity": 2,
        "s:63:2:84:Infinity": 5,
        "b:70:9:70:Infinity:71:10:82:22": 3,
        "b:82:9:82:22:82:22:82:Infinity": 4,
        "f:89:9:89:25": 4,
        "b:91:9:91:Infinity": 5,
        "b:92:15:92:Infinity": 6,
        "b:93:10:93:Infinity": 7,
        "b:94:16:94:Infinity": 8,
        "s:102:2:119:Infinity": 6,
        "f:123:9:123:22": 5,
        "s:124:2:132:Infinity": 7,
        "f:136:9:136:22": 6,
        "s:141:2:157:Infinity": 8,
        "f:162:9:162:23": 7,
        "s:163:2:168:Infinity": 9,
        "f:172:9:172:23": 8,
        "s:176:2:181:Infinity": 10,
        "f:185:9:185:28": 9,
        "s:186:2:187:Infinity": 11,
        "f:191:9:191:23": 10,
        "s:192:2:200:Infinity": 12,
        "f:204:9:204:27": 11,
        "s:208:2:213:Infinity": 13,
        "f:217:9:217:23": 12,
        "s:222:2:230:Infinity": 14,
        "f:234:9:234:22": 13,
        "b:237:15:237:Infinity": 9,
        "s:242:2:259:Infinity": 15,
        "b:252:7:252:Infinity:253:8:259:Infinity": 10,
        "f:265:9:265:28": 14,
        "s:269:2:274:Infinity": 16,
        "f:278:9:278:29": 15,
        "s:279:2:279:Infinity": 17
      }
    }
  },
  "/Users/osahon/work/purple-ledger/pl-web/src/shared/ui/currency-combobox.tsx": {
    "path": "/Users/osahon/work/purple-ledger/pl-web/src/shared/ui/currency-combobox.tsx",
    "statementMap": {
      "0": {
        "start": { "line": 24, "column": 2 },
        "end": { "line": 25, "column": null }
      },
      "1": {
        "start": { "line": 25, "column": 4 },
        "end": { "line": 25, "column": null }
      },
      "2": {
        "start": { "line": 27, "column": 2 },
        "end": { "line": 38, "column": null }
      },
      "3": {
        "start": { "line": 48, "column": 18 },
        "end": { "line": 48, "column": 52 }
      },
      "4": {
        "start": { "line": 50, "column": 27 },
        "end": { "line": 51, "column": null }
      },
      "5": {
        "start": { "line": 51, "column": 18 },
        "end": { "line": 51, "column": null }
      },
      "6": {
        "start": { "line": 54, "column": 2 },
        "end": { "line": 91, "column": null }
      },
      "7": {
        "start": { "line": 61, "column": 37 },
        "end": { "line": 61, "column": 66 }
      },
      "8": {
        "start": { "line": 62, "column": 42 },
        "end": { "line": 62, "column": null }
      },
      "9": {
        "start": { "line": 64, "column": 10 },
        "end": { "line": 70, "column": null }
      },
      "10": {
        "start": { "line": 67, "column": 16 },
        "end": { "line": 68, "column": 71 }
      },
      "11": {
        "start": { "line": 82, "column": 14 },
        "end": { "line": 85, "column": null }
      }
    },
    "fnMap": {
      "0": {
        "name": "CurrencyLogo",
        "decl": {
          "start": { "line": 23, "column": 9 },
          "end": { "line": 23, "column": 22 }
        },
        "loc": {
          "start": { "line": 23, "column": 48 },
          "end": { "line": 38, "column": null }
        },
        "line": 23
      },
      "1": {
        "name": "CurrencySelect",
        "decl": {
          "start": { "line": 42, "column": 16 },
          "end": { "line": 42, "column": 33 }
        },
        "loc": {
          "start": { "line": 47, "column": 26 },
          "end": { "line": 91, "column": null }
        },
        "line": 47
      },
      "2": {
        "name": "(anonymous_2)",
        "decl": {
          "start": { "line": 50, "column": 38 },
          "end": { "line": 50, "column": null }
        },
        "loc": {
          "start": { "line": 51, "column": 18 },
          "end": { "line": 51, "column": null }
        },
        "line": 51
      },
      "3": {
        "name": "(anonymous_3)",
        "decl": {
          "start": { "line": 61, "column": 8 },
          "end": { "line": 61, "column": 24 }
        },
        "loc": {
          "start": { "line": 61, "column": 37 },
          "end": { "line": 61, "column": 66 }
        },
        "line": 61
      },
      "4": {
        "name": "(anonymous_4)",
        "decl": {
          "start": { "line": 62, "column": 8 },
          "end": { "line": 62, "column": 28 }
        },
        "loc": {
          "start": { "line": 62, "column": 42 },
          "end": { "line": 62, "column": null }
        },
        "line": 62
      },
      "5": {
        "name": "(anonymous_5)",
        "decl": {
          "start": { "line": 63, "column": 8 },
          "end": { "line": 63, "column": 29 }
        },
        "loc": {
          "start": { "line": 63, "column": 37 },
          "end": { "line": 70, "column": null }
        },
        "line": 63
      },
      "6": {
        "name": "(anonymous_6)",
        "decl": {
          "start": { "line": 65, "column": 23 },
          "end": { "line": 65, "column": null }
        },
        "loc": {
          "start": { "line": 67, "column": 16 },
          "end": { "line": 68, "column": 71 }
        },
        "line": 67
      },
      "7": {
        "name": "(anonymous_7)",
        "decl": {
          "start": { "line": 81, "column": 21 },
          "end": { "line": 81, "column": 26 }
        },
        "loc": {
          "start": { "line": 82, "column": 14 },
          "end": { "line": 85, "column": null }
        },
        "line": 82
      }
    },
    "branchMap": {
      "0": {
        "loc": {
          "start": { "line": 24, "column": 2 },
          "end": { "line": 25, "column": null }
        },
        "type": "if",
        "locations": [
          {
            "start": { "line": 24, "column": 2 },
            "end": { "line": 25, "column": null }
          },
          { "start": {}, "end": {} }
        ],
        "line": 24
      },
      "1": {
        "loc": {
          "start": { "line": 60, "column": 15 },
          "end": { "line": 60, "column": null }
        },
        "type": "binary-expr",
        "locations": [
          {
            "start": { "line": 60, "column": 15 },
            "end": { "line": 60, "column": 35 }
          },
          {
            "start": { "line": 60, "column": 35 },
            "end": { "line": 60, "column": null }
          }
        ],
        "line": 60
      },
      "2": {
        "loc": {
          "start": { "line": 61, "column": 46 },
          "end": { "line": 61, "column": 66 }
        },
        "type": "cond-expr",
        "locations": [
          {
            "start": { "line": 61, "column": 52 },
            "end": { "line": 61, "column": 63 }
          },
          {
            "start": { "line": 61, "column": 63 },
            "end": { "line": 61, "column": 66 }
          }
        ],
        "line": 61
      },
      "3": {
        "loc": {
          "start": { "line": 62, "column": 42 },
          "end": { "line": 62, "column": null }
        },
        "type": "binary-expr",
        "locations": [
          {
            "start": { "line": 62, "column": 42 },
            "end": { "line": 62, "column": 56 }
          },
          {
            "start": { "line": 62, "column": 56 },
            "end": { "line": 62, "column": null }
          }
        ],
        "line": 62
      },
      "4": {
        "loc": {
          "start": { "line": 67, "column": 16 },
          "end": { "line": 68, "column": 71 }
        },
        "type": "binary-expr",
        "locations": [
          {
            "start": { "line": 67, "column": 16 },
            "end": { "line": 67, "column": 71 }
          },
          {
            "start": { "line": 68, "column": 16 },
            "end": { "line": 68, "column": 71 }
          }
        ],
        "line": 67
      }
    },
    "s": {
      "0": 60,
      "1": 23,
      "2": 37,
      "3": 27,
      "4": 27,
      "5": 99,
      "6": 27,
      "7": 2,
      "8": 27,
      "9": 20,
      "10": 80,
      "11": 58
    },
    "f": {
      "0": 60,
      "1": 27,
      "2": 99,
      "3": 2,
      "4": 27,
      "5": 20,
      "6": 80,
      "7": 58
    },
    "b": {
      "0": [23, 37],
      "1": [27, 23],
      "2": [1, 1],
      "3": [27, 0],
      "4": [80, 52]
    },
    "meta": {
      "lastBranch": 5,
      "lastFunction": 8,
      "lastStatement": 12,
      "seen": {
        "f:23:9:23:22": 0,
        "b:24:2:25:Infinity:undefined:undefined:undefined:undefined": 0,
        "s:24:2:25:Infinity": 0,
        "s:25:4:25:Infinity": 1,
        "s:27:2:38:Infinity": 2,
        "f:42:16:42:33": 1,
        "s:48:18:48:52": 3,
        "s:50:27:51:Infinity": 4,
        "f:50:38:50:Infinity": 2,
        "s:51:18:51:Infinity": 5,
        "s:54:2:91:Infinity": 6,
        "b:60:15:60:35:60:35:60:Infinity": 1,
        "f:61:8:61:24": 3,
        "s:61:37:61:66": 7,
        "b:61:52:61:63:61:63:61:66": 2,
        "f:62:8:62:28": 4,
        "s:62:42:62:Infinity": 8,
        "b:62:42:62:56:62:56:62:Infinity": 3,
        "f:63:8:63:29": 5,
        "s:64:10:70:Infinity": 9,
        "f:65:23:65:Infinity": 6,
        "s:67:16:68:71": 10,
        "b:67:16:67:71:68:16:68:71": 4,
        "f:81:21:81:26": 7,
        "s:82:14:85:Infinity": 11
      }
    }
  },
  "/Users/osahon/work/purple-ledger/pl-web/src/shared/ui/field.tsx": {
    "path": "/Users/osahon/work/purple-ledger/pl-web/src/shared/ui/field.tsx",
    "statementMap": {
      "0": {
        "start": { "line": 9, "column": 2 },
        "end": { "line": 17, "column": null }
      },
      "1": {
        "start": { "line": 26, "column": 2 },
        "end": { "line": 35, "column": null }
      },
      "2": {
        "start": { "line": 40, "column": 2 },
        "end": { "line": 48, "column": null }
      },
      "3": {
        "start": { "line": 52, "column": 6 },
        "end": { "line": 67, "column": null }
      },
      "4": {
        "start": { "line": 75, "column": 2 },
        "end": { "line": 82, "column": null }
      },
      "5": {
        "start": { "line": 87, "column": 2 },
        "end": { "line": 95, "column": null }
      },
      "6": {
        "start": { "line": 103, "column": 2 },
        "end": { "line": 112, "column": null }
      },
      "7": {
        "start": { "line": 117, "column": 2 },
        "end": { "line": 125, "column": null }
      },
      "8": {
        "start": { "line": 130, "column": 2 },
        "end": { "line": 140, "column": null }
      },
      "9": {
        "start": { "line": 151, "column": 2 },
        "end": { "line": 168, "column": null }
      },
      "10": {
        "start": { "line": 182, "column": 8 },
        "end": { "line": 207, "column": 24 }
      },
      "11": {
        "start": { "line": 183, "column": 4 },
        "end": { "line": 184, "column": null }
      },
      "12": {
        "start": { "line": 184, "column": 6 },
        "end": { "line": 184, "column": null }
      },
      "13": {
        "start": { "line": 187, "column": 4 },
        "end": { "line": 188, "column": null }
      },
      "14": {
        "start": { "line": 188, "column": 6 },
        "end": { "line": 188, "column": null }
      },
      "15": {
        "start": { "line": 191, "column": 25 },
        "end": { "line": 192, "column": null }
      },
      "16": {
        "start": { "line": 192, "column": 39 },
        "end": { "line": 192, "column": 62 }
      },
      "17": {
        "start": { "line": 195, "column": 4 },
        "end": { "line": 196, "column": null }
      },
      "18": {
        "start": { "line": 196, "column": 6 },
        "end": { "line": 196, "column": null }
      },
      "19": {
        "start": { "line": 199, "column": 4 },
        "end": { "line": 205, "column": null }
      },
      "20": {
        "start": { "line": 203, "column": 12 },
        "end": { "line": 203, "column": null }
      },
      "21": {
        "start": { "line": 209, "column": 2 },
        "end": { "line": 210, "column": null }
      },
      "22": {
        "start": { "line": 210, "column": 4 },
        "end": { "line": 210, "column": null }
      },
      "23": {
        "start": { "line": 213, "column": 2 },
        "end": { "line": 224, "column": null }
      }
    },
    "fnMap": {
      "0": {
        "name": "FieldSet",
        "decl": {
          "start": { "line": 8, "column": 9 },
          "end": { "line": 8, "column": 18 }
        },
        "loc": {
          "start": { "line": 8, "column": 77 },
          "end": { "line": 17, "column": null }
        },
        "line": 8
      },
      "1": {
        "name": "FieldLegend",
        "decl": {
          "start": { "line": 21, "column": 9 },
          "end": { "line": 21, "column": 21 }
        },
        "loc": {
          "start": { "line": 25, "column": 70 },
          "end": { "line": 35, "column": null }
        },
        "line": 25
      },
      "2": {
        "name": "FieldGroup",
        "decl": {
          "start": { "line": 39, "column": 9 },
          "end": { "line": 39, "column": 20 }
        },
        "loc": {
          "start": { "line": 39, "column": 74 },
          "end": { "line": 48, "column": null }
        },
        "line": 39
      },
      "3": {
        "name": "Field",
        "decl": {
          "start": { "line": 70, "column": 9 },
          "end": { "line": 70, "column": 15 }
        },
        "loc": {
          "start": { "line": 74, "column": 69 },
          "end": { "line": 82, "column": null }
        },
        "line": 74
      },
      "4": {
        "name": "FieldContent",
        "decl": {
          "start": { "line": 86, "column": 9 },
          "end": { "line": 86, "column": 22 }
        },
        "loc": {
          "start": { "line": 86, "column": 76 },
          "end": { "line": 95, "column": null }
        },
        "line": 86
      },
      "5": {
        "name": "FieldLabel",
        "decl": {
          "start": { "line": 99, "column": 9 },
          "end": { "line": 99, "column": 20 }
        },
        "loc": {
          "start": { "line": 102, "column": 39 },
          "end": { "line": 112, "column": null }
        },
        "line": 102
      },
      "6": {
        "name": "FieldTitle",
        "decl": {
          "start": { "line": 116, "column": 9 },
          "end": { "line": 116, "column": 20 }
        },
        "loc": {
          "start": { "line": 116, "column": 74 },
          "end": { "line": 125, "column": null }
        },
        "line": 116
      },
      "7": {
        "name": "FieldDescription",
        "decl": {
          "start": { "line": 129, "column": 9 },
          "end": { "line": 129, "column": 26 }
        },
        "loc": {
          "start": { "line": 129, "column": 78 },
          "end": { "line": 140, "column": null }
        },
        "line": 129
      },
      "8": {
        "name": "FieldSeparator",
        "decl": {
          "start": { "line": 144, "column": 9 },
          "end": { "line": 144, "column": 24 }
        },
        "loc": {
          "start": { "line": 150, "column": 3 },
          "end": { "line": 168, "column": null }
        },
        "line": 150
      },
      "9": {
        "name": "FieldError",
        "decl": {
          "start": { "line": 174, "column": 9 },
          "end": { "line": 174, "column": 20 }
        },
        "loc": {
          "start": { "line": 181, "column": 3 },
          "end": { "line": 224, "column": null }
        },
        "line": 181
      },
      "10": {
        "name": "(anonymous_10)",
        "decl": {
          "start": { "line": 182, "column": 18 },
          "end": { "line": 182, "column": 32 }
        },
        "loc": {
          "start": { "line": 182, "column": 32 },
          "end": { "line": 207, "column": 6 }
        },
        "line": 182
      },
      "11": {
        "name": "(anonymous_11)",
        "decl": {
          "start": { "line": 192, "column": 24 },
          "end": { "line": 192, "column": 29 }
        },
        "loc": {
          "start": { "line": 192, "column": 39 },
          "end": { "line": 192, "column": 62 }
        },
        "line": 192
      },
      "12": {
        "name": "(anonymous_12)",
        "decl": {
          "start": { "line": 201, "column": 22 },
          "end": { "line": 201, "column": null }
        },
        "loc": {
          "start": { "line": 203, "column": 12 },
          "end": { "line": 203, "column": null }
        },
        "line": 203
      }
    },
    "branchMap": {
      "0": {
        "loc": {
          "start": { "line": 23, "column": 2 },
          "end": { "line": 23, "column": null }
        },
        "type": "default-arg",
        "locations": [
          {
            "start": { "line": 23, "column": 12 },
            "end": { "line": 23, "column": null }
          }
        ],
        "line": 23
      },
      "1": {
        "loc": {
          "start": { "line": 72, "column": 2 },
          "end": { "line": 72, "column": null }
        },
        "type": "default-arg",
        "locations": [
          {
            "start": { "line": 72, "column": 16 },
            "end": { "line": 72, "column": null }
          }
        ],
        "line": 72
      },
      "2": {
        "loc": {
          "start": { "line": 162, "column": 7 },
          "end": { "line": 168, "column": null }
        },
        "type": "binary-expr",
        "locations": [
          {
            "start": { "line": 162, "column": 7 },
            "end": { "line": 162, "column": null }
          },
          {
            "start": { "line": 163, "column": 8 },
            "end": { "line": 168, "column": null }
          }
        ],
        "line": 162
      },
      "3": {
        "loc": {
          "start": { "line": 183, "column": 4 },
          "end": { "line": 184, "column": null }
        },
        "type": "if",
        "locations": [
          {
            "start": { "line": 183, "column": 4 },
            "end": { "line": 184, "column": null }
          },
          { "start": {}, "end": {} }
        ],
        "line": 183
      },
      "4": {
        "loc": {
          "start": { "line": 187, "column": 4 },
          "end": { "line": 188, "column": null }
        },
        "type": "if",
        "locations": [
          {
            "start": { "line": 187, "column": 4 },
            "end": { "line": 188, "column": null }
          },
          { "start": {}, "end": {} }
        ],
        "line": 187
      },
      "5": {
        "loc": {
          "start": { "line": 195, "column": 4 },
          "end": { "line": 196, "column": null }
        },
        "type": "if",
        "locations": [
          {
            "start": { "line": 195, "column": 4 },
            "end": { "line": 196, "column": null }
          },
          { "start": {}, "end": {} }
        ],
        "line": 195
      },
      "6": {
        "loc": {
          "start": { "line": 203, "column": 12 },
          "end": { "line": 203, "column": null }
        },
        "type": "binary-expr",
        "locations": [
          {
            "start": { "line": 203, "column": 12 },
            "end": { "line": 203, "column": 30 }
          },
          {
            "start": { "line": 203, "column": 30 },
            "end": { "line": 203, "column": null }
          }
        ],
        "line": 203
      },
      "7": {
        "loc": {
          "start": { "line": 209, "column": 2 },
          "end": { "line": 210, "column": null }
        },
        "type": "if",
        "locations": [
          {
            "start": { "line": 209, "column": 2 },
            "end": { "line": 210, "column": null }
          },
          { "start": {}, "end": {} }
        ],
        "line": 209
      }
    },
    "s": {
      "0": 0,
      "1": 0,
      "2": 0,
      "3": 1,
      "4": 27,
      "5": 0,
      "6": 0,
      "7": 0,
      "8": 0,
      "9": 0,
      "10": 27,
      "11": 9,
      "12": 0,
      "13": 9,
      "14": 8,
      "15": 1,
      "16": 1,
      "17": 1,
      "18": 1,
      "19": 0,
      "20": 0,
      "21": 27,
      "22": 26,
      "23": 1
    },
    "f": {
      "0": 0,
      "1": 0,
      "2": 0,
      "3": 27,
      "4": 0,
      "5": 0,
      "6": 0,
      "7": 0,
      "8": 0,
      "9": 27,
      "10": 9,
      "11": 1,
      "12": 0
    },
    "b": {
      "0": [0],
      "1": [27],
      "2": [0, 0],
      "3": [0, 9],
      "4": [8, 1],
      "5": [1, 0],
      "6": [0, 0],
      "7": [26, 1]
    },
    "meta": {
      "lastBranch": 8,
      "lastFunction": 13,
      "lastStatement": 24,
      "seen": {
        "f:8:9:8:18": 0,
        "s:9:2:17:Infinity": 0,
        "f:21:9:21:21": 1,
        "b:23:12:23:Infinity": 0,
        "s:26:2:35:Infinity": 1,
        "f:39:9:39:20": 2,
        "s:40:2:48:Infinity": 2,
        "s:52:6:67:Infinity": 3,
        "f:70:9:70:15": 3,
        "b:72:16:72:Infinity": 1,
        "s:75:2:82:Infinity": 4,
        "f:86:9:86:22": 4,
        "s:87:2:95:Infinity": 5,
        "f:99:9:99:20": 5,
        "s:103:2:112:Infinity": 6,
        "f:116:9:116:20": 6,
        "s:117:2:125:Infinity": 7,
        "f:129:9:129:26": 7,
        "s:130:2:140:Infinity": 8,
        "f:144:9:144:24": 8,
        "s:151:2:168:Infinity": 9,
        "b:162:7:162:Infinity:163:8:168:Infinity": 2,
        "f:174:9:174:20": 9,
        "s:182:8:207:24": 10,
        "f:182:18:182:32": 10,
        "b:183:4:184:Infinity:undefined:undefined:undefined:undefined": 3,
        "s:183:4:184:Infinity": 11,
        "s:184:6:184:Infinity": 12,
        "b:187:4:188:Infinity:undefined:undefined:undefined:undefined": 4,
        "s:187:4:188:Infinity": 13,
        "s:188:6:188:Infinity": 14,
        "s:191:25:192:Infinity": 15,
        "f:192:24:192:29": 11,
        "s:192:39:192:62": 16,
        "b:195:4:196:Infinity:undefined:undefined:undefined:undefined": 5,
        "s:195:4:196:Infinity": 17,
        "s:196:6:196:Infinity": 18,
        "s:199:4:205:Infinity": 19,
        "f:201:22:201:Infinity": 12,
        "s:203:12:203:Infinity": 20,
        "b:203:12:203:30:203:30:203:Infinity": 6,
        "b:209:2:210:Infinity:undefined:undefined:undefined:undefined": 7,
        "s:209:2:210:Infinity": 21,
        "s:210:4:210:Infinity": 22,
        "s:213:2:224:Infinity": 23
      }
    }
  },
  "/Users/osahon/work/purple-ledger/pl-web/src/shared/ui/input-group.tsx": {
    "path": "/Users/osahon/work/purple-ledger/pl-web/src/shared/ui/input-group.tsx",
    "statementMap": {
      "0": {
        "start": { "line": 10, "column": 2 },
        "end": { "line": 19, "column": null }
      },
      "1": {
        "start": { "line": 23, "column": 6 },
        "end": { "line": 41, "column": null }
      },
      "2": {
        "start": { "line": 49, "column": 2 },
        "end": { "line": 62, "column": null }
      },
      "3": {
        "start": { "line": 56, "column": 8 },
        "end": { "line": 57, "column": null }
      },
      "4": {
        "start": { "line": 57, "column": 10 },
        "end": { "line": 57, "column": null }
      },
      "5": {
        "start": { "line": 59, "column": 8 },
        "end": { "line": 59, "column": null }
      },
      "6": {
        "start": { "line": 66, "column": 6 },
        "end": { "line": 81, "column": null }
      },
      "7": {
        "start": { "line": 92, "column": 2 },
        "end": { "line": 99, "column": null }
      },
      "8": {
        "start": { "line": 104, "column": 2 },
        "end": { "line": 111, "column": null }
      },
      "9": {
        "start": { "line": 119, "column": 2 },
        "end": { "line": 127, "column": null }
      },
      "10": {
        "start": { "line": 135, "column": 2 },
        "end": { "line": 143, "column": null }
      }
    },
    "fnMap": {
      "0": {
        "name": "InputGroup",
        "decl": {
          "start": { "line": 9, "column": 9 },
          "end": { "line": 9, "column": 20 }
        },
        "loc": {
          "start": { "line": 9, "column": 74 },
          "end": { "line": 19, "column": null }
        },
        "line": 9
      },
      "1": {
        "name": "InputGroupAddon",
        "decl": {
          "start": { "line": 44, "column": 9 },
          "end": { "line": 44, "column": 25 }
        },
        "loc": {
          "start": { "line": 48, "column": 79 },
          "end": { "line": 62, "column": null }
        },
        "line": 48
      },
      "2": {
        "name": "(anonymous_2)",
        "decl": {
          "start": { "line": 55, "column": 6 },
          "end": { "line": 55, "column": 16 }
        },
        "loc": {
          "start": { "line": 55, "column": 22 },
          "end": { "line": 59, "column": null }
        },
        "line": 55
      },
      "3": {
        "name": "InputGroupButton",
        "decl": {
          "start": { "line": 84, "column": 9 },
          "end": { "line": 84, "column": 26 }
        },
        "loc": {
          "start": { "line": 91, "column": 49 },
          "end": { "line": 99, "column": null }
        },
        "line": 91
      },
      "4": {
        "name": "InputGroupText",
        "decl": {
          "start": { "line": 103, "column": 9 },
          "end": { "line": 103, "column": 24 }
        },
        "loc": {
          "start": { "line": 103, "column": 79 },
          "end": { "line": 111, "column": null }
        },
        "line": 103
      },
      "5": {
        "name": "InputGroupInput",
        "decl": {
          "start": { "line": 115, "column": 9 },
          "end": { "line": 115, "column": 25 }
        },
        "loc": {
          "start": { "line": 118, "column": 34 },
          "end": { "line": 127, "column": null }
        },
        "line": 118
      },
      "6": {
        "name": "InputGroupTextarea",
        "decl": {
          "start": { "line": 131, "column": 9 },
          "end": { "line": 131, "column": 28 }
        },
        "loc": {
          "start": { "line": 134, "column": 37 },
          "end": { "line": 143, "column": null }
        },
        "line": 134
      }
    },
    "branchMap": {
      "0": {
        "loc": {
          "start": { "line": 46, "column": 2 },
          "end": { "line": 46, "column": null }
        },
        "type": "default-arg",
        "locations": [
          {
            "start": { "line": 46, "column": 10 },
            "end": { "line": 46, "column": null }
          }
        ],
        "line": 46
      },
      "1": {
        "loc": {
          "start": { "line": 56, "column": 8 },
          "end": { "line": 57, "column": null }
        },
        "type": "if",
        "locations": [
          {
            "start": { "line": 56, "column": 8 },
            "end": { "line": 57, "column": null }
          },
          { "start": {}, "end": {} }
        ],
        "line": 56
      },
      "2": {
        "loc": {
          "start": { "line": 86, "column": 2 },
          "end": { "line": 86, "column": null }
        },
        "type": "default-arg",
        "locations": [
          {
            "start": { "line": 86, "column": 9 },
            "end": { "line": 86, "column": null }
          }
        ],
        "line": 86
      },
      "3": {
        "loc": {
          "start": { "line": 87, "column": 2 },
          "end": { "line": 87, "column": null }
        },
        "type": "default-arg",
        "locations": [
          {
            "start": { "line": 87, "column": 12 },
            "end": { "line": 87, "column": null }
          }
        ],
        "line": 87
      },
      "4": {
        "loc": {
          "start": { "line": 88, "column": 2 },
          "end": { "line": 88, "column": null }
        },
        "type": "default-arg",
        "locations": [
          {
            "start": { "line": 88, "column": 9 },
            "end": { "line": 88, "column": null }
          }
        ],
        "line": 88
      }
    },
    "s": {
      "0": 27,
      "1": 1,
      "2": 54,
      "3": 0,
      "4": 0,
      "5": 0,
      "6": 1,
      "7": 27,
      "8": 0,
      "9": 109,
      "10": 0
    },
    "f": { "0": 27, "1": 54, "2": 0, "3": 27, "4": 0, "5": 109, "6": 0 },
    "b": { "0": [54], "1": [0, 0], "2": [27], "3": [27], "4": [27] },
    "meta": {
      "lastBranch": 5,
      "lastFunction": 7,
      "lastStatement": 11,
      "seen": {
        "f:9:9:9:20": 0,
        "s:10:2:19:Infinity": 0,
        "s:23:6:41:Infinity": 1,
        "f:44:9:44:25": 1,
        "b:46:10:46:Infinity": 0,
        "s:49:2:62:Infinity": 2,
        "f:55:6:55:16": 2,
        "b:56:8:57:Infinity:undefined:undefined:undefined:undefined": 1,
        "s:56:8:57:Infinity": 3,
        "s:57:10:57:Infinity": 4,
        "s:59:8:59:Infinity": 5,
        "s:66:6:81:Infinity": 6,
        "f:84:9:84:26": 3,
        "b:86:9:86:Infinity": 2,
        "b:87:12:87:Infinity": 3,
        "b:88:9:88:Infinity": 4,
        "s:92:2:99:Infinity": 7,
        "f:103:9:103:24": 4,
        "s:104:2:111:Infinity": 8,
        "f:115:9:115:25": 5,
        "s:119:2:127:Infinity": 9,
        "f:131:9:131:28": 6,
        "s:135:2:143:Infinity": 10
      }
    }
  },
  "/Users/osahon/work/purple-ledger/pl-web/src/shared/ui/input.tsx": {
    "path": "/Users/osahon/work/purple-ledger/pl-web/src/shared/ui/input.tsx",
    "statementMap": {
      "0": {
        "start": { "line": 7, "column": 2 },
        "end": { "line": 16, "column": null }
      },
      "1": {
        "start": { "line": 23, "column": 42 },
        "end": { "line": 23, "column": 63 }
      },
      "2": {
        "start": { "line": 25, "column": 2 },
        "end": { "line": 43, "column": null }
      },
      "3": {
        "start": { "line": 34, "column": 23 },
        "end": { "line": 34, "column": 55 }
      },
      "4": {
        "start": { "line": 34, "column": 49 },
        "end": { "line": 34, "column": 55 }
      }
    },
    "fnMap": {
      "0": {
        "name": "Input",
        "decl": {
          "start": { "line": 6, "column": 9 },
          "end": { "line": 6, "column": 15 }
        },
        "loc": {
          "start": { "line": 6, "column": 77 },
          "end": { "line": 16, "column": null }
        },
        "line": 6
      },
      "1": {
        "name": "PasswordInput",
        "decl": {
          "start": { "line": 22, "column": 9 },
          "end": { "line": 22, "column": 23 }
        },
        "loc": {
          "start": { "line": 22, "column": 79 },
          "end": { "line": 43, "column": null }
        },
        "line": 22
      },
      "2": {
        "name": "(anonymous_2)",
        "decl": {
          "start": { "line": 34, "column": 8 },
          "end": { "line": 34, "column": 23 }
        },
        "loc": {
          "start": { "line": 34, "column": 23 },
          "end": { "line": 34, "column": 55 }
        },
        "line": 34
      },
      "3": {
        "name": "(anonymous_3)",
        "decl": {
          "start": { "line": 34, "column": 23 },
          "end": { "line": 34, "column": 40 }
        },
        "loc": {
          "start": { "line": 34, "column": 49 },
          "end": { "line": 34, "column": 55 }
        },
        "line": 34
      }
    },
    "branchMap": {
      "0": {
        "loc": {
          "start": { "line": 28, "column": 14 },
          "end": { "line": 28, "column": null }
        },
        "type": "cond-expr",
        "locations": [
          {
            "start": { "line": 28, "column": 29 },
            "end": { "line": 28, "column": 38 }
          },
          {
            "start": { "line": 28, "column": 38 },
            "end": { "line": 28, "column": null }
          }
        ],
        "line": 28
      },
      "1": {
        "loc": {
          "start": { "line": 36, "column": 20 },
          "end": { "line": 36, "column": null }
        },
        "type": "cond-expr",
        "locations": [
          {
            "start": { "line": 36, "column": 35 },
            "end": { "line": 36, "column": 53 }
          },
          {
            "start": { "line": 36, "column": 53 },
            "end": { "line": 36, "column": null }
          }
        ],
        "line": 36
      },
      "2": {
        "loc": {
          "start": { "line": 38, "column": 9 },
          "end": { "line": 41, "column": null }
        },
        "type": "cond-expr",
        "locations": [
          {
            "start": { "line": 39, "column": 10 },
            "end": { "line": 41, "column": 11 }
          },
          {
            "start": { "line": 41, "column": 10 },
            "end": { "line": 41, "column": null }
          }
        ],
        "line": 38
      }
    },
    "s": { "0": 109, "1": 0, "2": 0, "3": 0, "4": 0 },
    "f": { "0": 109, "1": 0, "2": 0, "3": 0 },
    "b": { "0": [0, 0], "1": [0, 0], "2": [0, 0] },
    "meta": {
      "lastBranch": 3,
      "lastFunction": 4,
      "lastStatement": 5,
      "seen": {
        "f:6:9:6:15": 0,
        "s:7:2:16:Infinity": 0,
        "f:22:9:22:23": 1,
        "s:23:42:23:63": 1,
        "s:25:2:43:Infinity": 2,
        "b:28:29:28:38:28:38:28:Infinity": 0,
        "f:34:8:34:23": 2,
        "s:34:23:34:55": 3,
        "f:34:23:34:40": 3,
        "s:34:49:34:55": 4,
        "b:36:35:36:53:36:53:36:Infinity": 1,
        "b:39:10:41:11:41:10:41:Infinity": 2
      }
    }
  },
  "/Users/osahon/work/purple-ledger/pl-web/src/shared/ui/label.tsx": {
    "path": "/Users/osahon/work/purple-ledger/pl-web/src/shared/ui/label.tsx",
    "statementMap": {
      "0": {
        "start": { "line": 10, "column": 2 },
        "end": { "line": 18, "column": null }
      }
    },
    "fnMap": {
      "0": {
        "name": "Label",
        "decl": {
          "start": { "line": 6, "column": 9 },
          "end": { "line": 6, "column": 15 }
        },
        "loc": {
          "start": { "line": 9, "column": 53 },
          "end": { "line": 18, "column": null }
        },
        "line": 9
      }
    },
    "branchMap": {},
    "s": { "0": 27 },
    "f": { "0": 27 },
    "b": {},
    "meta": {
      "lastBranch": 0,
      "lastFunction": 1,
      "lastStatement": 1,
      "seen": { "f:6:9:6:15": 0, "s:10:2:18:Infinity": 0 }
    }
  },
  "/Users/osahon/work/purple-ledger/pl-web/src/shared/ui/separator.tsx": {
    "path": "/Users/osahon/work/purple-ledger/pl-web/src/shared/ui/separator.tsx",
    "statementMap": {
      "0": {
        "start": { "line": 1, "column": 0 },
        "end": { "line": 1, "column": null }
      },
      "1": {
        "start": { "line": 14, "column": 2 },
        "end": { "line": 24, "column": null }
      }
    },
    "fnMap": {
      "0": {
        "name": "Separator",
        "decl": {
          "start": { "line": 8, "column": 9 },
          "end": { "line": 8, "column": 19 }
        },
        "loc": {
          "start": { "line": 13, "column": 57 },
          "end": { "line": 24, "column": null }
        },
        "line": 13
      }
    },
    "branchMap": {
      "0": {
        "loc": {
          "start": { "line": 10, "column": 2 },
          "end": { "line": 10, "column": null }
        },
        "type": "default-arg",
        "locations": [
          {
            "start": { "line": 10, "column": 16 },
            "end": { "line": 10, "column": null }
          }
        ],
        "line": 10
      },
      "1": {
        "loc": {
          "start": { "line": 11, "column": 2 },
          "end": { "line": 11, "column": null }
        },
        "type": "default-arg",
        "locations": [
          {
            "start": { "line": 11, "column": 15 },
            "end": { "line": 11, "column": null }
          }
        ],
        "line": 11
      }
    },
    "s": { "0": 1, "1": 0 },
    "f": { "0": 0 },
    "b": { "0": [0], "1": [0] },
    "meta": {
      "lastBranch": 2,
      "lastFunction": 1,
      "lastStatement": 2,
      "seen": {
        "s:1:0:1:Infinity": 0,
        "f:8:9:8:19": 0,
        "b:10:16:10:Infinity": 0,
        "b:11:15:11:Infinity": 1,
        "s:14:2:24:Infinity": 1
      }
    }
  },
  "/Users/osahon/work/purple-ledger/pl-web/src/shared/ui/textarea.tsx": {
    "path": "/Users/osahon/work/purple-ledger/pl-web/src/shared/ui/textarea.tsx",
    "statementMap": {
      "0": {
        "start": { "line": 6, "column": 2 },
        "end": { "line": 14, "column": null }
      }
    },
    "fnMap": {
      "0": {
        "name": "Textarea",
        "decl": {
          "start": { "line": 5, "column": 9 },
          "end": { "line": 5, "column": 18 }
        },
        "loc": {
          "start": { "line": 5, "column": 77 },
          "end": { "line": 14, "column": null }
        },
        "line": 5
      }
    },
    "branchMap": {},
    "s": { "0": 0 },
    "f": { "0": 0 },
    "b": {},
    "meta": {
      "lastBranch": 0,
      "lastFunction": 1,
      "lastStatement": 1,
      "seen": { "f:5:9:5:18": 0, "s:6:2:14:Infinity": 0 }
    }
  },
  "/Users/osahon/work/purple-ledger/pl-web/src/shared/ui/utils.ts": {
    "path": "/Users/osahon/work/purple-ledger/pl-web/src/shared/ui/utils.ts",
    "statementMap": {
      "0": {
        "start": { "line": 5, "column": 2 },
        "end": { "line": 5, "column": null }
      }
    },
    "fnMap": {
      "0": {
        "name": "cn",
        "decl": {
          "start": { "line": 4, "column": 16 },
          "end": { "line": 4, "column": 19 }
        },
        "loc": {
          "start": { "line": 4, "column": 44 },
          "end": { "line": 5, "column": null }
        },
        "line": 4
      }
    },
    "branchMap": {},
    "s": { "0": 562 },
    "f": { "0": 562 },
    "b": {},
    "meta": {
      "lastBranch": 0,
      "lastFunction": 1,
      "lastStatement": 1,
      "seen": { "f:4:16:4:19": 0, "s:5:2:5:Infinity": 0 }
    }
  }
}
